<?xml version="1.0" encoding="UTF-8"?>
<!-- Generated by org.testng.reporters.JUnitXMLReporter -->
<testsuite hostname="LAPTOP-L3TO6RHS" name="All Moduales Test " tests="14" failures="7" timestamp="2 Dec 2017 21:35:29 GMT" time="67.114" errors="0">
  <testcase name="itineraryCencel" time="5.657" classname="com.test.automation.uiAutomation.homepage.TC006_ITINERARY"/>
  <testcase name="itineraryCencel" time="5.659" classname="com.test.automation.uiAutomation.homepage.TC006_ITINERARY">
    <failure type="java.lang.NullPointerException">
      <![CDATA[java.lang.NullPointerException
	at com.test.automation.uiAutomation.customListener.CustomListener.onTestSuccess(CustomListener.java:81)
	at java.util.concurrent.ThreadPoolExecutor.runWorker(ThreadPoolExecutor.java:1142)
	at java.util.concurrent.ThreadPoolExecutor$Worker.run(ThreadPoolExecutor.java:617)
	at java.lang.Thread.run(Thread.java:745)
... Removed 7 stack frames]]>
    </failure>
  </testcase> <!-- itineraryCencel -->
  <testcase name="testHotels" time="6.75" classname="com.test.automation.uiAutomation.homepage.TC005_Hotels"/>
  <testcase name="testHotels" time="6.751" classname="com.test.automation.uiAutomation.homepage.TC005_Hotels">
    <failure type="java.lang.NullPointerException">
      <![CDATA[java.lang.NullPointerException
	at com.test.automation.uiAutomation.customListener.CustomListener.onTestSuccess(CustomListener.java:81)
	at java.util.concurrent.ThreadPoolExecutor.runWorker(ThreadPoolExecutor.java:1142)
	at java.util.concurrent.ThreadPoolExecutor$Worker.run(ThreadPoolExecutor.java:617)
	at java.lang.Thread.run(Thread.java:745)
... Removed 7 stack frames]]>
    </failure>
  </testcase> <!-- testHotels -->
  <testcase name="testDestinations" time="5.625" classname="com.test.automation.uiAutomation.homepage.TC007_Destination"/>
  <testcase name="testDestinations" time="5.628" classname="com.test.automation.uiAutomation.homepage.TC007_Destination">
    <failure type="java.lang.NullPointerException">
      <![CDATA[java.lang.NullPointerException
	at com.test.automation.uiAutomation.customListener.CustomListener.onTestSuccess(CustomListener.java:81)
	at java.util.concurrent.ThreadPoolExecutor.runWorker(ThreadPoolExecutor.java:1142)
	at java.util.concurrent.ThreadPoolExecutor$Worker.run(ThreadPoolExecutor.java:617)
	at java.lang.Thread.run(Thread.java:745)
... Removed 7 stack frames]]>
    </failure>
  </testcase> <!-- testDestinations -->
  <testcase name="testCarRentals" time="5.666" classname="com.test.automation.uiAutomation.homepage.TC008_CarRentals"/>
  <testcase name="testCarRentals" time="5.668" classname="com.test.automation.uiAutomation.homepage.TC008_CarRentals">
    <failure type="java.lang.NullPointerException">
      <![CDATA[java.lang.NullPointerException
	at com.test.automation.uiAutomation.customListener.CustomListener.onTestSuccess(CustomListener.java:81)
	at java.util.concurrent.ThreadPoolExecutor.runWorker(ThreadPoolExecutor.java:1142)
	at java.util.concurrent.ThreadPoolExecutor$Worker.run(ThreadPoolExecutor.java:617)
	at java.lang.Thread.run(Thread.java:745)
... Removed 7 stack frames]]>
    </failure>
  </testcase> <!-- testCarRentals -->
  <testcase name="testContact" time="5.485" classname="com.test.automation.uiAutomation.homepage.TC0010_Contact"/>
  <testcase name="testContact" time="5.486" classname="com.test.automation.uiAutomation.homepage.TC0010_Contact">
    <failure type="java.lang.NullPointerException">
      <![CDATA[java.lang.NullPointerException
	at com.test.automation.uiAutomation.customListener.CustomListener.onTestSuccess(CustomListener.java:81)
	at java.util.concurrent.ThreadPoolExecutor.runWorker(ThreadPoolExecutor.java:1142)
	at java.util.concurrent.ThreadPoolExecutor$Worker.run(ThreadPoolExecutor.java:617)
	at java.lang.Thread.run(Thread.java:745)
... Removed 7 stack frames]]>
    </failure>
  </testcase> <!-- testContact -->
  <testcase name="testSupport" time="5.67" classname="com.test.automation.uiAutomation.homepage.TC0011_Support"/>
  <testcase name="testSupport" time="5.671" classname="com.test.automation.uiAutomation.homepage.TC0011_Support">
    <failure type="java.lang.NullPointerException">
      <![CDATA[java.lang.NullPointerException
	at com.test.automation.uiAutomation.customListener.CustomListener.onTestSuccess(CustomListener.java:81)
	at java.util.concurrent.ThreadPoolExecutor.runWorker(ThreadPoolExecutor.java:1142)
	at java.util.concurrent.ThreadPoolExecutor$Worker.run(ThreadPoolExecutor.java:617)
	at java.lang.Thread.run(Thread.java:745)
... Removed 7 stack frames]]>
    </failure>
  </testcase> <!-- testSupport -->
  <testcase name="testCruises" time="6.242" classname="com.test.automation.uiAutomation.homepage.TC009_Cruises"/>
  <testcase name="testCruises" time="6.245" classname="com.test.automation.uiAutomation.homepage.TC009_Cruises">
    <failure type="java.lang.NullPointerException">
      <![CDATA[java.lang.NullPointerException
	at com.test.automation.uiAutomation.customListener.CustomListener.onTestSuccess(CustomListener.java:81)
	at java.util.concurrent.ThreadPoolExecutor.runWorker(ThreadPoolExecutor.java:1142)
	at java.util.concurrent.ThreadPoolExecutor$Worker.run(ThreadPoolExecutor.java:617)
	at java.lang.Thread.run(Thread.java:745)
... Removed 7 stack frames]]>
    </failure>
  </testcase> <!-- testCruises -->
</testsuite> <!-- All Moduales Test  -->
