<?xml version="1.0" encoding="UTF-8"?>
<!-- Generated by org.testng.reporters.JUnitXMLReporter -->
<testsuite hostname="LAPTOP-L3TO6RHS" name="Registration page Test" tests="4" failures="2" timestamp="2 Dec 2017 21:34:22 GMT" time="23.323" errors="0">
  <testcase name="TestBookAflight" time="13.316" classname="com.test.automation.uiAutomation.homepage.TC004_BookingTicket"/>
  <testcase name="TestBookAflight" time="13.319" classname="com.test.automation.uiAutomation.homepage.TC004_BookingTicket">
    <failure type="java.lang.NullPointerException">
      <![CDATA[java.lang.NullPointerException
	at com.test.automation.uiAutomation.customListener.CustomListener.onTestSuccess(CustomListener.java:81)
	at java.util.concurrent.ThreadPoolExecutor.runWorker(ThreadPoolExecutor.java:1142)
	at java.util.concurrent.ThreadPoolExecutor$Worker.run(ThreadPoolExecutor.java:617)
	at java.lang.Thread.run(Thread.java:745)
... Removed 7 stack frames]]>
    </failure>
  </testcase> <!-- TestBookAflight -->
  <testcase name="registerPage" time="5.431" classname="com.test.automation.uiAutomation.homepage.TC001_RegisterPage"/>
  <testcase name="registerPage" time="5.434" classname="com.test.automation.uiAutomation.homepage.TC001_RegisterPage">
    <failure type="java.lang.NullPointerException">
      <![CDATA[java.lang.NullPointerException
	at com.test.automation.uiAutomation.customListener.CustomListener.onTestSuccess(CustomListener.java:81)
	at java.util.concurrent.ThreadPoolExecutor.runWorker(ThreadPoolExecutor.java:1142)
	at java.util.concurrent.ThreadPoolExecutor$Worker.run(ThreadPoolExecutor.java:617)
	at java.lang.Thread.run(Thread.java:745)
... Removed 7 stack frames]]>
    </failure>
  </testcase> <!-- registerPage -->
</testsuite> <!-- Registration page Test -->
